[2025-10-23 20:25:57] listar args=(<catalogo_peliculas.CatalogoPeliculas object at 0x10ad557f0>,) kwargs={} -> OK
[2025-10-23 20:25:57] agregar args=(<catalogo_peliculas.CatalogoPeliculas object at 0x10ad557f0>, Pelicula(_Obra__nombre='ps i love you')) kwargs={} -> OK
[2025-10-23 20:26:14] listar args=(<catalogo_peliculas.CatalogoPeliculas object at 0x10ad557f0>,) kwargs={} -> OK
[2025-10-23 20:26:14] agregar args=(<catalogo_peliculas.CatalogoPeliculas object at 0x10ad557f0>, Pelicula(_Obra__nombre='diario de una pasion')) kwargs={} -> OK
[2025-10-23 20:26:18] listar args=(<catalogo_peliculas.CatalogoPeliculas object at 0x10ad557f0>,) kwargs={} -> OK
[2025-10-23 20:29:02] listar args=(<catalogo_peliculas.CatalogoPeliculas object at 0x106d8d550>,) kwargs={} -> OK
[2025-10-23 20:29:02] agregar args=(<catalogo_peliculas.CatalogoPeliculas object at 0x106d8d550>, Pelicula(_Obra__nombre='bla')) kwargs={} -> OK
[2025-10-23 21:19:08] agregar args=(<catalogo_peliculas.CatalogoPeliculas object at 0x10ab69550>, Pelicula(_Obra__nombre='toy story')) kwargs={} -> OK
[2025-10-23 21:23:20] listar args=(<catalogo_peliculas.CatalogoPeliculas object at 0x10fec1550>,) kwargs={} -> OK
[2025-10-23 21:23:44] agregar args=(<catalogo_peliculas.CatalogoPeliculas object at 0x10fec1550>, Pelicula(_Obra__nombre='monster inc')) kwargs={} -> OK
[2025-10-23 21:23:53] agregar args=(<catalogo_peliculas.CatalogoPeliculas object at 0x10fec1550>, Pelicula(_Obra__nombre='cars')) kwargs={} -> OK
[2025-10-23 21:23:56] listar args=(<catalogo_peliculas.CatalogoPeliculas object at 0x10fec1550>,) kwargs={} -> OK
[2025-10-23 21:32:12] listar args=(<catalogo_peliculas.CatalogoPeliculas object at 0x108c49400>,) kwargs={} -> OK
[2025-10-23 21:34:51] listar args=(<catalogo_peliculas.CatalogoPeliculas object at 0x106a69400>,) kwargs={} -> OK
[2025-10-23 21:35:03] listar args=(<catalogo_peliculas.CatalogoPeliculas object at 0x106a69400>,) kwargs={} -> OK
[2025-10-23 22:16:59] listar args=(<catalogo_peliculas.CatalogoPeliculas object at 0x10f1b1400>,) kwargs={} -> OK
[2025-10-23 22:17:12] agregar args=(<catalogo_peliculas.CatalogoPeliculas object at 0x10f1b1400>, Pelicula(_Film__nombre='bichos', genero='Desconocido', anio=0)) kwargs={} -> OK
[2025-10-23 22:17:16] agregar args=(<catalogo_peliculas.CatalogoPeliculas object at 0x10f1b1400>, Pelicula(_Film__nombre='mulan', genero='Desconocido', anio=0)) kwargs={} -> OK
[2025-10-23 22:17:23] agregar args=(<catalogo_peliculas.CatalogoPeliculas object at 0x10f1b1400>, Pelicula(_Film__nombre='hercules', genero='Desconocido', anio=0)) kwargs={} -> OK
[2025-10-23 22:17:25] listar args=(<catalogo_peliculas.CatalogoPeliculas object at 0x10f1b1400>,) kwargs={} -> OK
[2025-10-23 22:27:16] agregar args=(<catalogo_peliculas.CatalogoPeliculas object at 0x10f1b1400>, Pelicula(_Film__nombre='lilo y stich', genero='Desconocido', anio=0)) kwargs={} -> OK
[2025-10-23 22:27:44] agregar args=(<catalogo_peliculas.CatalogoPeliculas object at 0x10f1b1400>, Pelicula(_Film__nombre='buscando a nemo', genero='Desconocido', anio=0)) kwargs={} -> OK
[2025-10-23 22:27:46] listar args=(<catalogo_peliculas.CatalogoPeliculas object at 0x10f1b1400>,) kwargs={} -> OK
[2025-10-23 22:28:23] agregar args=(<catalogo_peliculas.CatalogoPeliculas object at 0x10f1b1400>, Pelicula(_Film__nombre='el rey leon', genero='Desconocido', anio=0)) kwargs={} -> OK
[2025-10-23 22:28:37] agregar args=(<catalogo_peliculas.CatalogoPeliculas object at 0x10f1b1400>, Pelicula(_Film__nombre='la bella y la bestia', genero='Desconocido', anio=0)) kwargs={} -> OK
[2025-10-23 22:28:37] listar args=(<catalogo_peliculas.CatalogoPeliculas object at 0x10f1b1400>,) kwargs={} -> OK
[2025-10-23 22:28:41] listar args=(<catalogo_peliculas.CatalogoPeliculas object at 0x10f1b1400>,) kwargs={} -> OK
[2025-10-23 22:28:46] listar args=(<catalogo_peliculas.CatalogoPeliculas object at 0x10f1b1400>,) kwargs={} -> OK
[2025-10-23 22:30:05] listar args=(<catalogo_peliculas.CatalogoPeliculas object at 0x10f1b1400>,) kwargs={} -> OK
[2025-10-23 22:30:49] listar args=(<catalogo_peliculas.CatalogoPeliculas object at 0x10f213ed0>,) kwargs={} -> OK
[2025-10-23 22:30:56] listar args=(<catalogo_peliculas.CatalogoPeliculas object at 0x10f213ed0>,) kwargs={} -> OK
[2025-10-23 22:31:10] agregar args=(<catalogo_peliculas.CatalogoPeliculas object at 0x10f213ed0>, Pelicula(_Film__nombre='\x1b[C', genero='Desconocido', anio=0)) kwargs={} -> OK
[2025-10-23 22:31:16] listar args=(<catalogo_peliculas.CatalogoPeliculas object at 0x10f213ed0>,) kwargs={} -> OK
[2025-10-23 22:31:42] listar args=(<catalogo_peliculas.CatalogoPeliculas object at 0x10f213ed0>,) kwargs={} -> OK
[2025-10-23 22:33:34] agregar args=(<catalogo_peliculas.CatalogoPeliculas object at 0x10f213ed0>, Pelicula(_Film__nombre='Love, Rosie', genero='Desconocido', anio=0)) kwargs={} -> OK
[2025-10-23 22:33:49] agregar args=(<catalogo_peliculas.CatalogoPeliculas object at 0x10f213ed0>, Pelicula(_Film__nombre='Como saber si es amor', genero='Desconocido', anio=0)) kwargs={} -> OK
[2025-10-23 22:34:15] agregar args=(<catalogo_peliculas.CatalogoPeliculas object at 0x10f213ed0>, Pelicula(_Film__nombre='La cruda verdad', genero='Desconocido', anio=0)) kwargs={} -> OK
[2025-10-23 22:34:30] agregar args=(<catalogo_peliculas.CatalogoPeliculas object at 0x10f213ed0>, Pelicula(_Film__nombre='10 cosas que odio de ti', genero='Desconocido', anio=0)) kwargs={} -> OK
[2025-10-23 22:34:43] agregar args=(<catalogo_peliculas.CatalogoPeliculas object at 0x10f213ed0>, Pelicula(_Film__nombre='Cuando Harry conocio a Sally', genero='Desconocido', anio=0)) kwargs={} -> OK
[2025-10-23 22:34:44] listar args=(<catalogo_peliculas.CatalogoPeliculas object at 0x10f213ed0>,) kwargs={} -> OK
[2025-10-23 22:35:06] agregar args=(<catalogo_peliculas.CatalogoPeliculas object at 0x10f213ed0>, Pelicula(_Film__nombre='Pd Te amo', genero='Desconocido', anio=0)) kwargs={} -> OK
[2025-10-23 22:35:18] agregar args=(<catalogo_peliculas.CatalogoPeliculas object at 0x10f213ed0>, Pelicula(_Film__nombre='Diario de una pasion', genero='Desconocido', anio=0)) kwargs={} -> OK
[2025-10-23 22:35:32] agregar args=(<catalogo_peliculas.CatalogoPeliculas object at 0x10f213ed0>, Pelicula(_Film__nombre='Orgullo y prejuicio', genero='Desconocido', anio=0)) kwargs={} -> OK
[2025-10-23 22:35:35] listar args=(<catalogo_peliculas.CatalogoPeliculas object at 0x10f213ed0>,) kwargs={} -> OK
[2025-10-23 22:36:59] agregar args=(<catalogo_peliculas.CatalogoPeliculas object at 0x10f213ed0>, Pelicula(_Film__nombre='Quiero robarme a la novia', genero='Desconocido', anio=0)) kwargs={} -> OK
[2025-10-23 22:37:02] listar args=(<catalogo_peliculas.CatalogoPeliculas object at 0x10f213ed0>,) kwargs={} -> OK
[2025-10-24 12:32:32] listar args=(<catalogo_peliculas.CatalogoPeliculas object at 0x10358aba0>,) kwargs={} -> OK
[2025-10-24 12:32:53] listar args=(<catalogo_peliculas.CatalogoPeliculas object at 0x1035065d0>,) kwargs={} -> OK
[2025-10-24 12:33:05] listar args=(<catalogo_peliculas.CatalogoPeliculas object at 0x1035065d0>,) kwargs={} -> OK
[2025-10-24 12:47:09] listar args=(<catalogo_peliculas.CatalogoPeliculas object at 0x105506ba0>,) kwargs={} -> OK
[2025-10-24 12:47:16] listar args=(<catalogo_peliculas.CatalogoPeliculas object at 0x1054779d0>,) kwargs={} -> OK
[2025-10-24 12:47:35] agregar args=(<catalogo_peliculas.CatalogoPeliculas object at 0x105477890>, Pelicula(_Film__nombre='la bella duermiente', genero='Infantiles', anio=0)) kwargs={} -> OK
[2025-10-24 12:47:35] listar args=(<catalogo_peliculas.CatalogoPeliculas object at 0x105453490>,) kwargs={} -> OK
